-------------------------------------------------------------------------------
Test set: com.quickstartdev.librarymanagementsystem.ApplicationTests
-------------------------------------------------------------------------------
Tests run: 1, Failures: 0, Errors: 1, Skipped: 0, Time elapsed: 0.292 s <<< FAILURE! - in com.quickstartdev.librarymanagementsystem.ApplicationTests
com.quickstartdev.librarymanagementsystem.ApplicationTests  Time elapsed: 0.29 s  <<< ERROR!
java.lang.IllegalStateException: Unable to find a @SpringBootConfiguration, you need to use @ContextConfiguration or @SpringBootTest(classes=...) with your test

